2020-12-15 23:00:30.013  INFO 8980 --- [restartedMain] c.c.a.AddressBookAppApplication          : Starting AddressBookAppApplication using Java 15 on DESKTOP-0JD1TPG with PID 8980 (C:\Users\adity\spring-workspace\AddressBookApp\target\classes started by adity in C:\Users\adity\spring-workspace\AddressBookApp)
2020-12-15 23:00:30.017 DEBUG 8980 --- [restartedMain] c.c.a.AddressBookAppApplication          : Running with Spring Boot v2.4.1, Spring v5.3.2
2020-12-15 23:00:30.017  INFO 8980 --- [restartedMain] c.c.a.AddressBookAppApplication          : No active profile set, falling back to default profiles: default
2020-12-15 23:00:31.593  INFO 8980 --- [restartedMain] c.c.a.AddressBookAppApplication          : Started AddressBookAppApplication in 2.03 seconds (JVM running for 2.97)
2020-12-15 23:00:31.597  INFO 8980 --- [restartedMain] c.c.a.AddressBookAppApplication          : AddressBook app Started
2020-12-15 23:06:12.158  INFO 1988 --- [restartedMain] c.c.a.AddressBookAppApplication          : Starting AddressBookAppApplication using Java 15 on DESKTOP-0JD1TPG with PID 1988 (C:\Users\adity\spring-workspace\AddressBookApp\target\classes started by adity in C:\Users\adity\spring-workspace\AddressBookApp)
2020-12-15 23:06:12.163 DEBUG 1988 --- [restartedMain] c.c.a.AddressBookAppApplication          : Running with Spring Boot v2.4.1, Spring v5.3.2
2020-12-15 23:06:12.164  INFO 1988 --- [restartedMain] c.c.a.AddressBookAppApplication          : The following profiles are active: dev
2020-12-15 23:06:13.645  INFO 1988 --- [restartedMain] c.c.a.AddressBookAppApplication          : Started AddressBookAppApplication in 1.908 seconds (JVM running for 2.827)
2020-12-15 23:06:13.649  INFO 1988 --- [restartedMain] c.c.a.AddressBookAppApplication          : AddressBook app Started
2020-12-15 23:24:23.341  INFO 6936 --- [restartedMain] c.c.a.AddressBookAppApplication          : Starting AddressBookAppApplication using Java 15 on DESKTOP-0JD1TPG with PID 6936 (C:\Users\adity\spring-workspace\AddressBookApp\target\classes started by adity in C:\Users\adity\spring-workspace\AddressBookApp)
2020-12-15 23:24:23.344 DEBUG 6936 --- [restartedMain] c.c.a.AddressBookAppApplication          : Running with Spring Boot v2.4.1, Spring v5.3.2
2020-12-15 23:24:23.345  INFO 6936 --- [restartedMain] c.c.a.AddressBookAppApplication          : The following profiles are active: dev
2020-12-15 23:24:24.948  INFO 6936 --- [restartedMain] c.c.a.AddressBookAppApplication          : Started AddressBookAppApplication in 2.056 seconds (JVM running for 3.067)
2020-12-15 23:24:24.953  INFO 6936 --- [restartedMain] c.c.a.AddressBookAppApplication          : AddressBook app Started
2020-12-15 23:25:06.202  WARN 6936 --- [http-nio-8080-exec-2] .m.m.a.ExceptionHandlerExceptionResolver : Resolved [org.springframework.web.bind.MethodArgumentNotValidException: Validation failed for argument [0] in public org.springframework.http.ResponseEntity<com.capgemini.addressbookapp.dto.ResponseDTO> com.capgemini.addressbookapp.controller.AddressBookController.newAddressBook(com.capgemini.addressbookapp.dto.PersonDTO): [Field error in object 'personDTO' on field 'pName': rejected value [itya]; codes [Pattern.personDTO.pName,Pattern.pName,Pattern]; arguments [org.springframework.context.support.DefaultMessageSourceResolvable: codes [personDTO.pName,pName]; arguments []; default message [pName],[Ljavax.validation.constraints.Pattern$Flag;@b185f08,^[A-Z][a-zA-z\s]{2,}$]; default message [Person name invalid]] ]
2020-12-15 23:31:14.426  INFO 9276 --- [restartedMain] c.c.a.AddressBookAppApplication          : Starting AddressBookAppApplication using Java 15 on DESKTOP-0JD1TPG with PID 9276 (C:\Users\adity\spring-workspace\AddressBookApp\target\classes started by adity in C:\Users\adity\spring-workspace\AddressBookApp)
2020-12-15 23:31:14.431 DEBUG 9276 --- [restartedMain] c.c.a.AddressBookAppApplication          : Running with Spring Boot v2.4.1, Spring v5.3.2
2020-12-15 23:31:14.431  INFO 9276 --- [restartedMain] c.c.a.AddressBookAppApplication          : The following profiles are active: dev
2020-12-15 23:31:16.931  INFO 9276 --- [restartedMain] c.c.a.AddressBookAppApplication          : Started AddressBookAppApplication in 3.225 seconds (JVM running for 4.596)
2020-12-15 23:31:16.936  INFO 9276 --- [restartedMain] c.c.a.AddressBookAppApplication          : AddressBook app Started
2020-12-15 23:31:45.467  WARN 9276 --- [http-nio-8080-exec-3] .m.m.a.ExceptionHandlerExceptionResolver : Resolved [com.capgemini.addressbookapp.exception.AddressBookException: Person not found]
